Logfile initialized
[INFO] logfile = /Users/kevin/dev/appc/workspace/Lulu/build.log
[DEBUG] /Library/Application Support/Titanium/mobilesdk/osx/1.7.0/android/builder.py install Lulu /Users/kevin/dev/android/android-sdk-r10 /Users/kevin/dev/appc/workspace/Lulu com.appcelerator.lulu 11
[INFO] Titanium SDK version: 1.7.0 (06/06/11 18:05 64155ee)
[DEBUG] Waiting for device to be ready ...
[TRACE] adb devices returned 1 devices/emulators
[DEBUG] Device connected... (waited 0 seconds)
[DEBUG] waited 0.010472 seconds on emulator to get ready
[DEBUG] com.appcelerator.lulu installed? False
[INFO] Copying project resources..
[TRACE] COPYING MODIFIED FILE: /Users/kevin/dev/appc/workspace/Lulu/Resources/modules/ui/core.js => /Users/kevin/dev/appc/workspace/Lulu/build/android/bin/assets/Resources/modules/ui/core.js
[TRACE] Generating Java Classes
[DEBUG] Processing Android resource drawables
[DEBUG] copying app icon: /Users/kevin/dev/appc/workspace/Lulu/build/android/bin/assets/Resources/appicon.png
[DEBUG] generating theme.xml
[DEBUG] found drawable-long-land-hdpi splash screen at /Users/kevin/dev/appc/workspace/Lulu/Resources/android/images/res-long-land-hdpi/default.png
[DEBUG] copying /Users/kevin/dev/appc/workspace/Lulu/Resources/android/images/res-long-land-hdpi/default.png splash screen to /Users/kevin/dev/appc/workspace/Lulu/build/android/res/drawable-long-land-hdpi/background.png
[DEBUG] found drawable-long-land-ldpi splash screen at /Users/kevin/dev/appc/workspace/Lulu/Resources/android/images/res-long-land-ldpi/default.png
[DEBUG] copying /Users/kevin/dev/appc/workspace/Lulu/Resources/android/images/res-long-land-ldpi/default.png splash screen to /Users/kevin/dev/appc/workspace/Lulu/build/android/res/drawable-long-land-ldpi/background.png
[DEBUG] found drawable-long-port-hdpi splash screen at /Users/kevin/dev/appc/workspace/Lulu/Resources/android/images/res-long-port-hdpi/default.png
[DEBUG] copying /Users/kevin/dev/appc/workspace/Lulu/Resources/android/images/res-long-port-hdpi/default.png splash screen to /Users/kevin/dev/appc/workspace/Lulu/build/android/res/drawable-long-port-hdpi/background.png
[DEBUG] found drawable-long-port-ldpi splash screen at /Users/kevin/dev/appc/workspace/Lulu/Resources/android/images/res-long-port-ldpi/default.png
[DEBUG] copying /Users/kevin/dev/appc/workspace/Lulu/Resources/android/images/res-long-port-ldpi/default.png splash screen to /Users/kevin/dev/appc/workspace/Lulu/build/android/res/drawable-long-port-ldpi/background.png
[DEBUG] found drawable-notlong-land-hdpi splash screen at /Users/kevin/dev/appc/workspace/Lulu/Resources/android/images/res-notlong-land-hdpi/default.png
[DEBUG] copying /Users/kevin/dev/appc/workspace/Lulu/Resources/android/images/res-notlong-land-hdpi/default.png splash screen to /Users/kevin/dev/appc/workspace/Lulu/build/android/res/drawable-notlong-land-hdpi/background.png
[DEBUG] found drawable-notlong-land-ldpi splash screen at /Users/kevin/dev/appc/workspace/Lulu/Resources/android/images/res-notlong-land-ldpi/default.png
[DEBUG] copying /Users/kevin/dev/appc/workspace/Lulu/Resources/android/images/res-notlong-land-ldpi/default.png splash screen to /Users/kevin/dev/appc/workspace/Lulu/build/android/res/drawable-notlong-land-ldpi/background.png
[DEBUG] found drawable-notlong-land-mdpi splash screen at /Users/kevin/dev/appc/workspace/Lulu/Resources/android/images/res-notlong-land-mdpi/default.png
[DEBUG] copying /Users/kevin/dev/appc/workspace/Lulu/Resources/android/images/res-notlong-land-mdpi/default.png splash screen to /Users/kevin/dev/appc/workspace/Lulu/build/android/res/drawable-notlong-land-mdpi/background.png
[DEBUG] found drawable-notlong-port-hdpi splash screen at /Users/kevin/dev/appc/workspace/Lulu/Resources/android/images/res-notlong-port-hdpi/default.png
[DEBUG] copying /Users/kevin/dev/appc/workspace/Lulu/Resources/android/images/res-notlong-port-hdpi/default.png splash screen to /Users/kevin/dev/appc/workspace/Lulu/build/android/res/drawable-notlong-port-hdpi/background.png
[DEBUG] found drawable-notlong-port-ldpi splash screen at /Users/kevin/dev/appc/workspace/Lulu/Resources/android/images/res-notlong-port-ldpi/default.png
[DEBUG] copying /Users/kevin/dev/appc/workspace/Lulu/Resources/android/images/res-notlong-port-ldpi/default.png splash screen to /Users/kevin/dev/appc/workspace/Lulu/build/android/res/drawable-notlong-port-ldpi/background.png
[DEBUG] found drawable-notlong-port-mdpi splash screen at /Users/kevin/dev/appc/workspace/Lulu/Resources/android/images/res-notlong-port-mdpi/default.png
[DEBUG] copying /Users/kevin/dev/appc/workspace/Lulu/Resources/android/images/res-notlong-port-mdpi/default.png splash screen to /Users/kevin/dev/appc/workspace/Lulu/build/android/res/drawable-notlong-port-mdpi/background.png
[DEBUG] found splash screen at /Users/kevin/dev/appc/workspace/Lulu/build/android/bin/assets/Resources/default.png
[TRACE] Writing out AndroidManifest.xml
[DEBUG] adding /Users/kevin/dev/appc/workspace/Lulu/build/android/gen/com/appcelerator/lulu/LuluActivity.java to javac build list
[DEBUG] adding /Users/kevin/dev/appc/workspace/Lulu/build/android/gen/com/appcelerator/lulu/LuluAppInfo.java to javac build list
[DEBUG] adding /Users/kevin/dev/appc/workspace/Lulu/build/android/gen/com/appcelerator/lulu/LuluApplication.java to javac build list
[DEBUG] adding /Users/kevin/dev/appc/workspace/Lulu/build/android/gen/com/appcelerator/lulu/R.java to javac build list
[DEBUG] Building Java Sources: "/Users/kevin/dev/appc/workspace/Lulu/build/android/gen/com/appcelerator/lulu/LuluActivity.java" "/Users/kevin/dev/appc/workspace/Lulu/build/android/gen/com/appcelerator/lulu/LuluAppInfo.java" "/Users/kevin/dev/appc/workspace/Lulu/build/android/gen/com/appcelerator/lulu/LuluApplication.java" "/Users/kevin/dev/appc/workspace/Lulu/build/android/gen/com/appcelerator/lulu/R.java"
[INFO] Compiling Android Resources... This could take some time
[DEBUG] Android classes.dex built
[DEBUG] creating unsigned apk: /Users/kevin/dev/appc/workspace/Lulu/build/android/bin/app-unsigned.apk
[DEBUG] from resource zip => assets/Resources/fonts/Lobster.otf
[DEBUG] from resource zip => assets/Resources/fonts/Minion.otf
[DEBUG] from resource zip => assets/Resources/images/featured/cars@2x.png
[DEBUG] from resource zip => assets/Resources/images/featured/featured-bkg@2x.png
[DEBUG] from resource zip => assets/Resources/images/tabs/account.png
[DEBUG] from resource zip => assets/Resources/images/tabs/browse.png
[DEBUG] from resource zip => assets/Resources/images/tabs/new.png
[DEBUG] from resource zip => assets/Resources/images/tabs/purchased.png
[DEBUG] from resource zip => assets/Resources/images/thumbs/cars@2x.png
[DEBUG] from resource zip => assets/Resources/images/thumbs/earthsea@2x.png
[DEBUG] from resource zip => assets/Resources/images/thumbs/iceage@2x.png
[DEBUG] from resource zip => assets/Resources/images/thumbs/mars@2x.png
[DEBUG] from resource zip => assets/Resources/images/thumbs/mia@2x.png
[DEBUG] from resource zip => assets/Resources/images/thumbs/panda@2x.png
[DEBUG] from resource zip => assets/Resources/images/thumbs/tangled@2x.png
[DEBUG] from resource zip => assets/Resources/images/thumbs/toystory@2x.png
[DEBUG] from resource zip => assets/Resources/images/thumbs/wtp@2x.png
[DEBUG] from resource zip => assets/Resources/images/barImage.png
[DEBUG] from resource zip => assets/Resources/images/barImage@2x.png
[DEBUG] from resource zip => assets/Resources/images/bkg.png
[DEBUG] from resource zip => assets/Resources/images/bkg@2x.png
[DEBUG] from resource zip => assets/Resources/images/detail-btn.png
[DEBUG] from resource zip => assets/Resources/images/detail-btn@2x.png
[DEBUG] from resource zip => assets/Resources/images/featuredImage.png
[DEBUG] from resource zip => assets/Resources/images/featuredImage@2x.png
[DEBUG] from resource zip => assets/Resources/images/thumbnail.png
[DEBUG] from resource zip => assets/Resources/images/thumbnail@2x.png
[DEBUG] from resource zip => assets/Resources/images/title-btn.png
[DEBUG] from resource zip => assets/Resources/images/title-btn@2x.png
[DEBUG] from resource zip => assets/Resources/modules/ui/core.js
[DEBUG] from resource zip => assets/Resources/modules/ui/tableview.js
[DEBUG] from resource zip => assets/Resources/modules/db.js
[DEBUG] from resource zip => assets/Resources/windows/account.js
[DEBUG] from resource zip => assets/Resources/windows/browse.js
[DEBUG] from resource zip => assets/Resources/windows/new.js
[DEBUG] from resource zip => assets/Resources/windows/purchased.js
[DEBUG] from resource zip => assets/Resources/Lobster1.4.otf
[DEBUG] from resource zip => assets/Resources/MinionPro-Bold.otf
[DEBUG] from resource zip => assets/Resources/MinionPro-Regular.otf
[DEBUG] from resource zip => assets/Resources/app.js
[DEBUG] from resource zip => assets/Resources/appicon.png
[DEBUG] from resource zip => assets/Resources/default.png
[DEBUG] from resource zip => assets/Resources/env.js
[DEBUG] from resource zip => assets/tiapp.xml
[DEBUG] from resource zip => res/drawable/appicon.png
[DEBUG] from resource zip => res/drawable/background.png
[DEBUG] from resource zip => res/layout/titanium_tabgroup.xml
[DEBUG] from resource zip => AndroidManifest.xml
[DEBUG] from resource zip => resources.arsc
[DEBUG] from resource zip => res/drawable-long-land-hdpi/background.png
[DEBUG] from resource zip => res/drawable-long-land-ldpi/background.png
[DEBUG] from resource zip => res/drawable-long-port-hdpi/background.png
[DEBUG] from resource zip => res/drawable-long-port-ldpi/background.png
[DEBUG] from resource zip => res/drawable-notlong-land-hdpi/background.png
[DEBUG] from resource zip => res/drawable-notlong-land-ldpi/background.png
[DEBUG] from resource zip => res/drawable-notlong-land-mdpi/background.png
[DEBUG] from resource zip => res/drawable-notlong-port-hdpi/background.png
[DEBUG] from resource zip => res/drawable-notlong-port-ldpi/background.png
[DEBUG] from resource zip => res/drawable-notlong-port-mdpi/background.png
[DEBUG] from JAR /Library/Application Support/Titanium/mobilesdk/osx/1.7.0/android/modules/titanium-ui.jar => ti/modules/titanium/ui/widget/webview/binding.js
[DEBUG] from JAR /Library/Application Support/Titanium/mobilesdk/osx/1.7.0/android/modules/titanium-ui.jar => ti/modules/titanium/ui/widget/webview/binding.min.js
[DEBUG] from JAR /Library/Application Support/Titanium/mobilesdk/osx/1.7.0/android/modules/titanium-ui.jar => ti/modules/titanium/ui/widget/webview/json2.js
[DEBUG] from JAR /Library/Application Support/Titanium/mobilesdk/osx/1.7.0/android/titanium.jar => org/apache/Commons-NOTICE.txt
[DEBUG] from JAR /Library/Application Support/Titanium/mobilesdk/osx/1.7.0/android/titanium.jar => org/apache/HttpComponents-NOTICE.txt
[DEBUG] from JAR /Library/Application Support/Titanium/mobilesdk/osx/1.7.0/android/titanium.jar => org/apache/mime4j-NOTICE.txt
[DEBUG] from JAR /Library/Application Support/Titanium/mobilesdk/osx/1.7.0/android/titanium.jar => org/appcelerator/titanium/build.properties
[DEBUG] from JAR /Library/Application Support/Titanium/mobilesdk/osx/1.7.0/android/titanium.jar => org/appcelerator/titanium/res/drawable/background.png
[DEBUG] from JAR /Library/Application Support/Titanium/mobilesdk/osx/1.7.0/android/titanium.jar => org/appcelerator/titanium/res/drawable/btn_check_buttonless_on.png
[DEBUG] from JAR /Library/Application Support/Titanium/mobilesdk/osx/1.7.0/android/titanium.jar => org/appcelerator/titanium/res/drawable/btn_check_buttonless_on_18.png
[DEBUG] from JAR /Library/Application Support/Titanium/mobilesdk/osx/1.7.0/android/titanium.jar => org/appcelerator/titanium/res/drawable/btn_check_buttonless_on_48.png
[DEBUG] from JAR /Library/Application Support/Titanium/mobilesdk/osx/1.7.0/android/titanium.jar => org/appcelerator/titanium/res/drawable/btn_more.png
[DEBUG] from JAR /Library/Application Support/Titanium/mobilesdk/osx/1.7.0/android/titanium.jar => org/appcelerator/titanium/res/drawable/btn_more_18.png
[DEBUG] from JAR /Library/Application Support/Titanium/mobilesdk/osx/1.7.0/android/titanium.jar => org/appcelerator/titanium/res/drawable/btn_more_48.png
[DEBUG] from JAR /Library/Application Support/Titanium/mobilesdk/osx/1.7.0/android/titanium.jar => org/appcelerator/titanium/res/drawable/btn_picker_normal.9.png
[DEBUG] from JAR /Library/Application Support/Titanium/mobilesdk/osx/1.7.0/android/titanium.jar => org/appcelerator/titanium/res/drawable/btn_picker_pressed.9.png
[DEBUG] from JAR /Library/Application Support/Titanium/mobilesdk/osx/1.7.0/android/titanium.jar => org/appcelerator/titanium/res/drawable/btn_picker_selected.9.png
[DEBUG] from JAR /Library/Application Support/Titanium/mobilesdk/osx/1.7.0/android/titanium.jar => org/appcelerator/titanium/res/drawable/default_icon.png
[DEBUG] from JAR /Library/Application Support/Titanium/mobilesdk/osx/1.7.0/android/titanium.jar => org/appcelerator/titanium/res/drawable/photoDefault.png
[DEBUG] from JAR /Library/Application Support/Titanium/mobilesdk/osx/1.7.0/android/smalljs.jar => org/mozilla/javascript/resources/Messages.properties
[DEBUG] from JAR /Library/Application Support/Titanium/mobilesdk/osx/1.7.0/android/smalljs.jar => org/mozilla/javascript/resources/Messages_fr.properties
[DEBUG] Waiting for device to be ready ...
[TRACE] adb devices returned 1 devices/emulators
[DEBUG] Device connected... (waited 0 seconds)
[DEBUG] waited 0.010845 seconds on emulator to get ready
[INFO] Installing application on emulator
[INFO] Application installed. Launch from drawer on Home Screen
