Logfile initialized
[INFO] logfile = /Users/kevin/dev/appc/training/tcmd_certification/workspace/BountyHunter/build.log
[DEBUG] /Library/Application Support/Titanium/mobilesdk/osx/1.7.2.v20110715135838/android/builder.py simulator BountyHunter /Users/kevin/dev/android/android-sdk-r10 /Users/kevin/dev/appc/training/tcmd_certification/workspace/BountyHunter com.appcelerator.bountyhunter 11 HVGA 172.16.124.1:61568
[INFO] Building BountyHunter for Android ... one moment
[INFO] Titanium SDK version: 1.7.2 (07/15/11 13:58 f554c10...)
[DEBUG] Waiting for device to be ready ...
[TRACE] adb devices returned 2 devices/emulators
[DEBUG] Device connected... (waited 0 seconds)
[DEBUG] waited 0.012286 seconds on emulator to get ready
[DEBUG] com.appcelerator.bountyhunter installed? True
[INFO] Fastdev server running, deploying in Fastdev mode
[INFO] Copying project resources..
[INFO] Tiapp.xml unchanged, skipping class generation
[DEBUG] Processing Android resource drawables
[INFO] Waiting for SDCard to become available..
[INFO] Re-launching application ... BountyHunter
[INFO] Launching application ... BountyHunter
[TRACE] Launch output: Starting: Intent { act=android.intent.action.MAIN cat=[android.intent.category.LAUNCHER] cmp=com.appcelerator.bountyhunter/.BountyhunterActivity }

[INFO] Relaunched BountyHunter ... Application should be running.
[INFO] Android Emulator has exited
